<?xml version="1.0" encoding="utf-8"?>
<TestRun id="ce90032f-8154-4fca-bca7-11452c1815c7" name="@sam-tools01 2026-03-23 20:52:33" xmlns="http://microsoft.com/schemas/VisualStudio/TeamTest/2010">
  <Times creation="2026-03-23T20:52:33.9033640+05:30" queuing="2026-03-23T20:52:33.9033654+05:30" start="2026-03-23T20:52:31.4821361+05:30" finish="2026-03-23T20:52:34.2851690+05:30" />
  <TestSettings name="default" id="e87367fb-8a63-4087-a5ce-e6873a47d809">
    <Deployment runDeploymentRoot="_sam-tools01_2026-03-23_20_52_33" />
  </TestSettings>
  <Results>
    <UnitTestResult executionId="309208b4-e597-45fd-ada2-eb2769af170c" testId="af46402b-c5ea-bd3a-5e0c-2049af859c7d" testName="TestCompareListForBootDeviceNegative2" computerName="sam-tools01" duration="00:00:00.0007267" startTime="2026-03-23T20:52:33.8698663+05:30" endTime="2026-03-23T20:52:33.8708366+05:30" testType="13cdc9d9-ddb5-4fa4-a97d-d965ccfc6d4b" outcome="Passed" testListId="8c84fa94-04c1-424b-9868-57a2d4851a1d" relativeResultsDirectory="309208b4-e597-45fd-ada2-eb2769af170c" />
    <UnitTestResult executionId="9a1e41b6-adf4-4ea6-a55a-3f1d6a9f1402" testId="e11b186c-5a67-a39b-7976-36ed1bbcd11a" testName="TestCompareListString" computerName="sam-tools01" duration="00:00:00.0015264" startTime="2026-03-23T20:52:33.8512080+05:30" endTime="2026-03-23T20:52:33.8529321+05:30" testType="13cdc9d9-ddb5-4fa4-a97d-d965ccfc6d4b" outcome="Passed" testListId="8c84fa94-04c1-424b-9868-57a2d4851a1d" relativeResultsDirectory="9a1e41b6-adf4-4ea6-a55a-3f1d6a9f1402" />
    <UnitTestResult executionId="899bbc24-1909-4001-b8bf-15ef98a2fa5a" testId="88ea40e3-ec5b-43a5-c99a-e2b6678029d4" testName="TestCompareListBool" computerName="sam-tools01" duration="00:00:00.0021653" startTime="2026-03-23T20:52:33.8487553+05:30" endTime="2026-03-23T20:52:33.8511307+05:30" testType="13cdc9d9-ddb5-4fa4-a97d-d965ccfc6d4b" outcome="Passed" testListId="8c84fa94-04c1-424b-9868-57a2d4851a1d" relativeResultsDirectory="899bbc24-1909-4001-b8bf-15ef98a2fa5a" />
    <UnitTestResult executionId="203ca0e3-4757-4abe-add0-7d5fc16e6f26" testId="bff6c437-3beb-39f9-80a5-87eccac911ed" testName="TestCompareIntersightObjectNtpPolicy" computerName="sam-tools01" duration="00:00:00.7847663" startTime="2026-03-23T20:52:32.5619334+05:30" endTime="2026-03-23T20:52:33.3684471+05:30" testType="13cdc9d9-ddb5-4fa4-a97d-d965ccfc6d4b" outcome="Passed" testListId="8c84fa94-04c1-424b-9868-57a2d4851a1d" relativeResultsDirectory="203ca0e3-4757-4abe-add0-7d5fc16e6f26" />
    <UnitTestResult executionId="4cb7845d-f87f-4ac8-9a98-38d22cdd4959" testId="bf562289-5a4d-7a89-8d64-28cb5bf97a3c" testName="TestCompareListMoTagNegative" computerName="sam-tools01" duration="00:00:00.0004405" startTime="2026-03-23T20:52:33.8727132+05:30" endTime="2026-03-23T20:52:33.8733445+05:30" testType="13cdc9d9-ddb5-4fa4-a97d-d965ccfc6d4b" outcome="Passed" testListId="8c84fa94-04c1-424b-9868-57a2d4851a1d" relativeResultsDirectory="4cb7845d-f87f-4ac8-9a98-38d22cdd4959" />
    <UnitTestResult executionId="08dfbb23-6df9-462d-b3ea-a52afd2a8441" testId="784db588-4279-ecee-6ebf-d593d81facb2" testName="TestCompareListMorefNegative" computerName="sam-tools01" duration="00:00:00.0005409" startTime="2026-03-23T20:52:33.8567333+05:30" endTime="2026-03-23T20:52:33.8574826+05:30" testType="13cdc9d9-ddb5-4fa4-a97d-d965ccfc6d4b" outcome="Passed" testListId="8c84fa94-04c1-424b-9868-57a2d4851a1d" relativeResultsDirectory="08dfbb23-6df9-462d-b3ea-a52afd2a8441" />
    <UnitTestResult executionId="3d4a3dde-5356-408f-98ad-912675f589e6" testId="aabf11cb-24b4-212d-0c32-fc3bcd8d8940" testName="TestCompareListMoTag" computerName="sam-tools01" duration="00:00:00.0015046" startTime="2026-03-23T20:52:33.8709263+05:30" endTime="2026-03-23T20:52:33.8726364+05:30" testType="13cdc9d9-ddb5-4fa4-a97d-d965ccfc6d4b" outcome="Passed" testListId="8c84fa94-04c1-424b-9868-57a2d4851a1d" relativeResultsDirectory="3d4a3dde-5356-408f-98ad-912675f589e6" />
    <UnitTestResult executionId="a8dda8fb-18f7-49d7-a9fc-317b6b303f83" testId="a1b2ed2e-9057-ffb1-4686-d9af3d443417" testName="TestCompareListForBootDevice" computerName="sam-tools01" duration="00:00:00.0038647" startTime="2026-03-23T20:52:33.8627020+05:30" endTime="2026-03-23T20:52:33.8667662+05:30" testType="13cdc9d9-ddb5-4fa4-a97d-d965ccfc6d4b" outcome="Passed" testListId="8c84fa94-04c1-424b-9868-57a2d4851a1d" relativeResultsDirectory="a8dda8fb-18f7-49d7-a9fc-317b6b303f83" />
    <UnitTestResult executionId="dd37e306-7ebb-48d9-816c-1a9b204e30a8" testId="b10c1996-ca07-2342-84f2-dbd5e05100b8" testName="TestCompareDictionary" computerName="sam-tools01" duration="00:00:00.0017873" startTime="2026-03-23T20:52:33.8734167+05:30" endTime="2026-03-23T20:52:33.8753980+05:30" testType="13cdc9d9-ddb5-4fa4-a97d-d965ccfc6d4b" outcome="Passed" testListId="8c84fa94-04c1-424b-9868-57a2d4851a1d" relativeResultsDirectory="dd37e306-7ebb-48d9-816c-1a9b204e30a8" />
    <UnitTestResult executionId="9a43739a-0ee5-487f-8a7e-c5e8a62285fe" testId="059965c2-36bd-5e5b-97dd-d4ab6d9c4fbe" testName="TestCompareDictionaryComplexObject" computerName="sam-tools01" duration="00:00:00.2799275" startTime="2026-03-23T20:52:33.8761100+05:30" endTime="2026-03-23T20:52:34.1565600+05:30" testType="13cdc9d9-ddb5-4fa4-a97d-d965ccfc6d4b" outcome="Passed" testListId="8c84fa94-04c1-424b-9868-57a2d4851a1d" relativeResultsDirectory="9a43739a-0ee5-487f-8a7e-c5e8a62285fe" />
    <UnitTestResult executionId="4339f269-fc67-407f-a07c-d8238ca6caa8" testId="29190111-74c5-b955-85d1-f6446d9f3326" testName="TestCompareIntersightObjectOrganization" computerName="sam-tools01" duration="00:00:00.0543647" startTime="2026-03-23T20:52:33.3811798+05:30" endTime="2026-03-23T20:52:33.4357877+05:30" testType="13cdc9d9-ddb5-4fa4-a97d-d965ccfc6d4b" outcome="Passed" testListId="8c84fa94-04c1-424b-9868-57a2d4851a1d" relativeResultsDirectory="4339f269-fc67-407f-a07c-d8238ca6caa8" />
    <UnitTestResult executionId="ce00a6c2-9ab2-42cb-9f60-d5b8a9544971" testId="1db52ae6-de71-4f43-9eeb-027f31c87948" testName="TestCompareListInt" computerName="sam-tools01" duration="00:00:00.0178697" startTime="2026-03-23T20:52:33.8299812+05:30" endTime="2026-03-23T20:52:33.8480629+05:30" testType="13cdc9d9-ddb5-4fa4-a97d-d965ccfc6d4b" outcome="Passed" testListId="8c84fa94-04c1-424b-9868-57a2d4851a1d" relativeResultsDirectory="ce00a6c2-9ab2-42cb-9f60-d5b8a9544971" />
    <UnitTestResult executionId="0c60714b-f9f1-4ad1-8178-0b606e695063" testId="f5172029-ac9e-c3e9-fbc4-3c68019ec0b7" testName="TestCompareListStringNegative" computerName="sam-tools01" duration="00:00:00.0002854" startTime="2026-03-23T20:52:33.8530125+05:30" endTime="2026-03-23T20:52:33.8535027+05:30" testType="13cdc9d9-ddb5-4fa4-a97d-d965ccfc6d4b" outcome="Passed" testListId="8c84fa94-04c1-424b-9868-57a2d4851a1d" relativeResultsDirectory="0c60714b-f9f1-4ad1-8178-0b606e695063" />
    <UnitTestResult executionId="35e5e34b-53ae-4509-aa7f-2b3ad3069439" testId="af74a405-21fd-b582-370c-8a17fa063b8c" testName="TestCompareListForBootDeviceNegative" computerName="sam-tools01" duration="00:00:00.0027550" startTime="2026-03-23T20:52:33.8668418+05:30" endTime="2026-03-23T20:52:33.8697812+05:30" testType="13cdc9d9-ddb5-4fa4-a97d-d965ccfc6d4b" outcome="Passed" testListId="8c84fa94-04c1-424b-9868-57a2d4851a1d" relativeResultsDirectory="35e5e34b-53ae-4509-aa7f-2b3ad3069439" />
    <UnitTestResult executionId="70babb12-696e-4dbf-ad1e-5ff90df72450" testId="25efd544-f2d1-bce7-85cd-13c8daa9f9e0" testName="TestCompareIntersightObjectBootPrecisionPolicyNegative" computerName="sam-tools01" duration="00:00:00.0380319" startTime="2026-03-23T20:52:33.7915453+05:30" endTime="2026-03-23T20:52:33.8298927+05:30" testType="13cdc9d9-ddb5-4fa4-a97d-d965ccfc6d4b" outcome="Passed" testListId="8c84fa94-04c1-424b-9868-57a2d4851a1d" relativeResultsDirectory="70babb12-696e-4dbf-ad1e-5ff90df72450" />
    <UnitTestResult executionId="d8344468-e703-4205-84fc-405394add4a5" testId="8258a73b-bc00-ed98-fa41-0b083d455901" testName="TestCompareIntersightObjectBootPrecisionPolicy" computerName="sam-tools01" duration="00:00:00.3387621" startTime="2026-03-23T20:52:33.4365845+05:30" endTime="2026-03-23T20:52:33.7756353+05:30" testType="13cdc9d9-ddb5-4fa4-a97d-d965ccfc6d4b" outcome="Passed" testListId="8c84fa94-04c1-424b-9868-57a2d4851a1d" relativeResultsDirectory="d8344468-e703-4205-84fc-405394add4a5" />
    <UnitTestResult executionId="ab85a490-5bf0-458b-8fd4-bdb9428076ed" testId="21d6bdd3-dab8-5932-c926-48f8362b179c" testName="TestCompareIntersightObjectNtpPolicyNegative" computerName="sam-tools01" duration="00:00:00.0010359" startTime="2026-03-23T20:52:33.3790377+05:30" endTime="2026-03-23T20:52:33.3804596+05:30" testType="13cdc9d9-ddb5-4fa4-a97d-d965ccfc6d4b" outcome="Passed" testListId="8c84fa94-04c1-424b-9868-57a2d4851a1d" relativeResultsDirectory="ab85a490-5bf0-458b-8fd4-bdb9428076ed" />
    <UnitTestResult executionId="8254b7a6-0c23-462f-98b4-203f15bd490e" testId="5a9cdfb0-8f5b-b57c-e6a8-b11d60be279d" testName="TestCompareListIntNegative" computerName="sam-tools01" duration="00:00:00.0003361" startTime="2026-03-23T20:52:33.8481423+05:30" endTime="2026-03-23T20:52:33.8486772+05:30" testType="13cdc9d9-ddb5-4fa4-a97d-d965ccfc6d4b" outcome="Passed" testListId="8c84fa94-04c1-424b-9868-57a2d4851a1d" relativeResultsDirectory="8254b7a6-0c23-462f-98b4-203f15bd490e" />
    <UnitTestResult executionId="e067e1f3-e53c-4a13-a0c8-78c4b07ea502" testId="67fe35a3-9c2f-b0bc-0bca-682f70341349" testName="TestCompareDictionaryNegative" computerName="sam-tools01" duration="00:00:00.0003370" startTime="2026-03-23T20:52:33.8754809+05:30" endTime="2026-03-23T20:52:33.8760404+05:30" testType="13cdc9d9-ddb5-4fa4-a97d-d965ccfc6d4b" outcome="Passed" testListId="8c84fa94-04c1-424b-9868-57a2d4851a1d" relativeResultsDirectory="e067e1f3-e53c-4a13-a0c8-78c4b07ea502" />
    <UnitTestResult executionId="d5df52ec-e178-4cec-9058-8b73f2394419" testId="0c6cda6b-cbbb-2afd-190e-3a871772306f" testName="TestCompareListMoref" computerName="sam-tools01" duration="00:00:00.0028715" startTime="2026-03-23T20:52:33.8535719+05:30" endTime="2026-03-23T20:52:33.8566571+05:30" testType="13cdc9d9-ddb5-4fa4-a97d-d965ccfc6d4b" outcome="Passed" testListId="8c84fa94-04c1-424b-9868-57a2d4851a1d" relativeResultsDirectory="d5df52ec-e178-4cec-9058-8b73f2394419" />
    <UnitTestResult executionId="8d2dbb05-2b14-4e77-8f67-43ff58c98e56" testId="b3886f1e-26df-1da8-ce00-27028925c5ec" testName="TestCompareIntersightObjectOrganizationNegative" computerName="sam-tools01" duration="00:00:00.0004073" startTime="2026-03-23T20:52:33.4358780+05:30" endTime="2026-03-23T20:52:33.4364991+05:30" testType="13cdc9d9-ddb5-4fa4-a97d-d965ccfc6d4b" outcome="Passed" testListId="8c84fa94-04c1-424b-9868-57a2d4851a1d" relativeResultsDirectory="8d2dbb05-2b14-4e77-8f67-43ff58c98e56" />
  </Results>
  <TestDefinitions>
    <UnitTest name="TestCompareListMorefNegative" storage="/home/jenkins/workspace/release-is-powershell-module/src/github.com/cisco-intersight/powershell-generator-intersight/generated/intersight.powershell_1.0.11.2026030305/src/intersight.powershelltest/bin/debug/net8.0/intersight.powershelltest.dll" id="784db588-4279-ecee-6ebf-d593d81facb2">
      <Execution id="08dfbb23-6df9-462d-b3ea-a52afd2a8441" />
      <TestMethod codeBase="/home/jenkins/workspace/Release-IS-Powershell-Module/src/github.com/cisco-intersight/powershell-generator-intersight/generated/Intersight.PowerShell_1.0.11.2026030305/src/Intersight.PowerShellTest/bin/Debug/net8.0/Intersight.PowerShellTest.dll" adapterTypeName="executor://mstestadapter/v2" className="Intersight.PowerShellTest.PSUtilsTest" name="TestCompareListMorefNegative" />
    </UnitTest>
    <UnitTest name="TestCompareListIntNegative" storage="/home/jenkins/workspace/release-is-powershell-module/src/github.com/cisco-intersight/powershell-generator-intersight/generated/intersight.powershell_1.0.11.2026030305/src/intersight.powershelltest/bin/debug/net8.0/intersight.powershelltest.dll" id="5a9cdfb0-8f5b-b57c-e6a8-b11d60be279d">
      <Execution id="8254b7a6-0c23-462f-98b4-203f15bd490e" />
      <TestMethod codeBase="/home/jenkins/workspace/Release-IS-Powershell-Module/src/github.com/cisco-intersight/powershell-generator-intersight/generated/Intersight.PowerShell_1.0.11.2026030305/src/Intersight.PowerShellTest/bin/Debug/net8.0/Intersight.PowerShellTest.dll" adapterTypeName="executor://mstestadapter/v2" className="Intersight.PowerShellTest.PSUtilsTest" name="TestCompareListIntNegative" />
    </UnitTest>
    <UnitTest name="TestCompareDictionaryComplexObject" storage="/home/jenkins/workspace/release-is-powershell-module/src/github.com/cisco-intersight/powershell-generator-intersight/generated/intersight.powershell_1.0.11.2026030305/src/intersight.powershelltest/bin/debug/net8.0/intersight.powershelltest.dll" id="059965c2-36bd-5e5b-97dd-d4ab6d9c4fbe">
      <Execution id="9a43739a-0ee5-487f-8a7e-c5e8a62285fe" />
      <TestMethod codeBase="/home/jenkins/workspace/Release-IS-Powershell-Module/src/github.com/cisco-intersight/powershell-generator-intersight/generated/Intersight.PowerShell_1.0.11.2026030305/src/Intersight.PowerShellTest/bin/Debug/net8.0/Intersight.PowerShellTest.dll" adapterTypeName="executor://mstestadapter/v2" className="Intersight.PowerShellTest.PSUtilsTest" name="TestCompareDictionaryComplexObject" />
    </UnitTest>
    <UnitTest name="TestCompareListStringNegative" storage="/home/jenkins/workspace/release-is-powershell-module/src/github.com/cisco-intersight/powershell-generator-intersight/generated/intersight.powershell_1.0.11.2026030305/src/intersight.powershelltest/bin/debug/net8.0/intersight.powershelltest.dll" id="f5172029-ac9e-c3e9-fbc4-3c68019ec0b7">
      <Execution id="0c60714b-f9f1-4ad1-8178-0b606e695063" />
      <TestMethod codeBase="/home/jenkins/workspace/Release-IS-Powershell-Module/src/github.com/cisco-intersight/powershell-generator-intersight/generated/Intersight.PowerShell_1.0.11.2026030305/src/Intersight.PowerShellTest/bin/Debug/net8.0/Intersight.PowerShellTest.dll" adapterTypeName="executor://mstestadapter/v2" className="Intersight.PowerShellTest.PSUtilsTest" name="TestCompareListStringNegative" />
    </UnitTest>
    <UnitTest name="TestCompareDictionary" storage="/home/jenkins/workspace/release-is-powershell-module/src/github.com/cisco-intersight/powershell-generator-intersight/generated/intersight.powershell_1.0.11.2026030305/src/intersight.powershelltest/bin/debug/net8.0/intersight.powershelltest.dll" id="b10c1996-ca07-2342-84f2-dbd5e05100b8">
      <Execution id="dd37e306-7ebb-48d9-816c-1a9b204e30a8" />
      <TestMethod codeBase="/home/jenkins/workspace/Release-IS-Powershell-Module/src/github.com/cisco-intersight/powershell-generator-intersight/generated/Intersight.PowerShell_1.0.11.2026030305/src/Intersight.PowerShellTest/bin/Debug/net8.0/Intersight.PowerShellTest.dll" adapterTypeName="executor://mstestadapter/v2" className="Intersight.PowerShellTest.PSUtilsTest" name="TestCompareDictionary" />
    </UnitTest>
    <UnitTest name="TestCompareIntersightObjectOrganization" storage="/home/jenkins/workspace/release-is-powershell-module/src/github.com/cisco-intersight/powershell-generator-intersight/generated/intersight.powershell_1.0.11.2026030305/src/intersight.powershelltest/bin/debug/net8.0/intersight.powershelltest.dll" id="29190111-74c5-b955-85d1-f6446d9f3326">
      <Execution id="4339f269-fc67-407f-a07c-d8238ca6caa8" />
      <TestMethod codeBase="/home/jenkins/workspace/Release-IS-Powershell-Module/src/github.com/cisco-intersight/powershell-generator-intersight/generated/Intersight.PowerShell_1.0.11.2026030305/src/Intersight.PowerShellTest/bin/Debug/net8.0/Intersight.PowerShellTest.dll" adapterTypeName="executor://mstestadapter/v2" className="Intersight.PowerShellTest.PSUtilsTest" name="TestCompareIntersightObjectOrganization" />
    </UnitTest>
    <UnitTest name="TestCompareListForBootDevice" storage="/home/jenkins/workspace/release-is-powershell-module/src/github.com/cisco-intersight/powershell-generator-intersight/generated/intersight.powershell_1.0.11.2026030305/src/intersight.powershelltest/bin/debug/net8.0/intersight.powershelltest.dll" id="a1b2ed2e-9057-ffb1-4686-d9af3d443417">
      <Execution id="a8dda8fb-18f7-49d7-a9fc-317b6b303f83" />
      <TestMethod codeBase="/home/jenkins/workspace/Release-IS-Powershell-Module/src/github.com/cisco-intersight/powershell-generator-intersight/generated/Intersight.PowerShell_1.0.11.2026030305/src/Intersight.PowerShellTest/bin/Debug/net8.0/Intersight.PowerShellTest.dll" adapterTypeName="executor://mstestadapter/v2" className="Intersight.PowerShellTest.PSUtilsTest" name="TestCompareListForBootDevice" />
    </UnitTest>
    <UnitTest name="TestCompareListString" storage="/home/jenkins/workspace/release-is-powershell-module/src/github.com/cisco-intersight/powershell-generator-intersight/generated/intersight.powershell_1.0.11.2026030305/src/intersight.powershelltest/bin/debug/net8.0/intersight.powershelltest.dll" id="e11b186c-5a67-a39b-7976-36ed1bbcd11a">
      <Execution id="9a1e41b6-adf4-4ea6-a55a-3f1d6a9f1402" />
      <TestMethod codeBase="/home/jenkins/workspace/Release-IS-Powershell-Module/src/github.com/cisco-intersight/powershell-generator-intersight/generated/Intersight.PowerShell_1.0.11.2026030305/src/Intersight.PowerShellTest/bin/Debug/net8.0/Intersight.PowerShellTest.dll" adapterTypeName="executor://mstestadapter/v2" className="Intersight.PowerShellTest.PSUtilsTest" name="TestCompareListString" />
    </UnitTest>
    <UnitTest name="TestCompareIntersightObjectBootPrecisionPolicy" storage="/home/jenkins/workspace/release-is-powershell-module/src/github.com/cisco-intersight/powershell-generator-intersight/generated/intersight.powershell_1.0.11.2026030305/src/intersight.powershelltest/bin/debug/net8.0/intersight.powershelltest.dll" id="8258a73b-bc00-ed98-fa41-0b083d455901">
      <Execution id="d8344468-e703-4205-84fc-405394add4a5" />
      <TestMethod codeBase="/home/jenkins/workspace/Release-IS-Powershell-Module/src/github.com/cisco-intersight/powershell-generator-intersight/generated/Intersight.PowerShell_1.0.11.2026030305/src/Intersight.PowerShellTest/bin/Debug/net8.0/Intersight.PowerShellTest.dll" adapterTypeName="executor://mstestadapter/v2" className="Intersight.PowerShellTest.PSUtilsTest" name="TestCompareIntersightObjectBootPrecisionPolicy" />
    </UnitTest>
    <UnitTest name="TestCompareListBool" storage="/home/jenkins/workspace/release-is-powershell-module/src/github.com/cisco-intersight/powershell-generator-intersight/generated/intersight.powershell_1.0.11.2026030305/src/intersight.powershelltest/bin/debug/net8.0/intersight.powershelltest.dll" id="88ea40e3-ec5b-43a5-c99a-e2b6678029d4">
      <Execution id="899bbc24-1909-4001-b8bf-15ef98a2fa5a" />
      <TestMethod codeBase="/home/jenkins/workspace/Release-IS-Powershell-Module/src/github.com/cisco-intersight/powershell-generator-intersight/generated/Intersight.PowerShell_1.0.11.2026030305/src/Intersight.PowerShellTest/bin/Debug/net8.0/Intersight.PowerShellTest.dll" adapterTypeName="executor://mstestadapter/v2" className="Intersight.PowerShellTest.PSUtilsTest" name="TestCompareListBool" />
    </UnitTest>
    <UnitTest name="TestCompareIntersightObjectNtpPolicyNegative" storage="/home/jenkins/workspace/release-is-powershell-module/src/github.com/cisco-intersight/powershell-generator-intersight/generated/intersight.powershell_1.0.11.2026030305/src/intersight.powershelltest/bin/debug/net8.0/intersight.powershelltest.dll" id="21d6bdd3-dab8-5932-c926-48f8362b179c">
      <Execution id="ab85a490-5bf0-458b-8fd4-bdb9428076ed" />
      <TestMethod codeBase="/home/jenkins/workspace/Release-IS-Powershell-Module/src/github.com/cisco-intersight/powershell-generator-intersight/generated/Intersight.PowerShell_1.0.11.2026030305/src/Intersight.PowerShellTest/bin/Debug/net8.0/Intersight.PowerShellTest.dll" adapterTypeName="executor://mstestadapter/v2" className="Intersight.PowerShellTest.PSUtilsTest" name="TestCompareIntersightObjectNtpPolicyNegative" />
    </UnitTest>
    <UnitTest name="TestCompareListMoref" storage="/home/jenkins/workspace/release-is-powershell-module/src/github.com/cisco-intersight/powershell-generator-intersight/generated/intersight.powershell_1.0.11.2026030305/src/intersight.powershelltest/bin/debug/net8.0/intersight.powershelltest.dll" id="0c6cda6b-cbbb-2afd-190e-3a871772306f">
      <Execution id="d5df52ec-e178-4cec-9058-8b73f2394419" />
      <TestMethod codeBase="/home/jenkins/workspace/Release-IS-Powershell-Module/src/github.com/cisco-intersight/powershell-generator-intersight/generated/Intersight.PowerShell_1.0.11.2026030305/src/Intersight.PowerShellTest/bin/Debug/net8.0/Intersight.PowerShellTest.dll" adapterTypeName="executor://mstestadapter/v2" className="Intersight.PowerShellTest.PSUtilsTest" name="TestCompareListMoref" />
    </UnitTest>
    <UnitTest name="TestCompareListForBootDeviceNegative" storage="/home/jenkins/workspace/release-is-powershell-module/src/github.com/cisco-intersight/powershell-generator-intersight/generated/intersight.powershell_1.0.11.2026030305/src/intersight.powershelltest/bin/debug/net8.0/intersight.powershelltest.dll" id="af74a405-21fd-b582-370c-8a17fa063b8c">
      <Execution id="35e5e34b-53ae-4509-aa7f-2b3ad3069439" />
      <TestMethod codeBase="/home/jenkins/workspace/Release-IS-Powershell-Module/src/github.com/cisco-intersight/powershell-generator-intersight/generated/Intersight.PowerShell_1.0.11.2026030305/src/Intersight.PowerShellTest/bin/Debug/net8.0/Intersight.PowerShellTest.dll" adapterTypeName="executor://mstestadapter/v2" className="Intersight.PowerShellTest.PSUtilsTest" name="TestCompareListForBootDeviceNegative" />
    </UnitTest>
    <UnitTest name="TestCompareDictionaryNegative" storage="/home/jenkins/workspace/release-is-powershell-module/src/github.com/cisco-intersight/powershell-generator-intersight/generated/intersight.powershell_1.0.11.2026030305/src/intersight.powershelltest/bin/debug/net8.0/intersight.powershelltest.dll" id="67fe35a3-9c2f-b0bc-0bca-682f70341349">
      <Execution id="e067e1f3-e53c-4a13-a0c8-78c4b07ea502" />
      <TestMethod codeBase="/home/jenkins/workspace/Release-IS-Powershell-Module/src/github.com/cisco-intersight/powershell-generator-intersight/generated/Intersight.PowerShell_1.0.11.2026030305/src/Intersight.PowerShellTest/bin/Debug/net8.0/Intersight.PowerShellTest.dll" adapterTypeName="executor://mstestadapter/v2" className="Intersight.PowerShellTest.PSUtilsTest" name="TestCompareDictionaryNegative" />
    </UnitTest>
    <UnitTest name="TestCompareIntersightObjectBootPrecisionPolicyNegative" storage="/home/jenkins/workspace/release-is-powershell-module/src/github.com/cisco-intersight/powershell-generator-intersight/generated/intersight.powershell_1.0.11.2026030305/src/intersight.powershelltest/bin/debug/net8.0/intersight.powershelltest.dll" id="25efd544-f2d1-bce7-85cd-13c8daa9f9e0">
      <Execution id="70babb12-696e-4dbf-ad1e-5ff90df72450" />
      <TestMethod codeBase="/home/jenkins/workspace/Release-IS-Powershell-Module/src/github.com/cisco-intersight/powershell-generator-intersight/generated/Intersight.PowerShell_1.0.11.2026030305/src/Intersight.PowerShellTest/bin/Debug/net8.0/Intersight.PowerShellTest.dll" adapterTypeName="executor://mstestadapter/v2" className="Intersight.PowerShellTest.PSUtilsTest" name="TestCompareIntersightObjectBootPrecisionPolicyNegative" />
    </UnitTest>
    <UnitTest name="TestCompareListInt" storage="/home/jenkins/workspace/release-is-powershell-module/src/github.com/cisco-intersight/powershell-generator-intersight/generated/intersight.powershell_1.0.11.2026030305/src/intersight.powershelltest/bin/debug/net8.0/intersight.powershelltest.dll" id="1db52ae6-de71-4f43-9eeb-027f31c87948">
      <Execution id="ce00a6c2-9ab2-42cb-9f60-d5b8a9544971" />
      <TestMethod codeBase="/home/jenkins/workspace/Release-IS-Powershell-Module/src/github.com/cisco-intersight/powershell-generator-intersight/generated/Intersight.PowerShell_1.0.11.2026030305/src/Intersight.PowerShellTest/bin/Debug/net8.0/Intersight.PowerShellTest.dll" adapterTypeName="executor://mstestadapter/v2" className="Intersight.PowerShellTest.PSUtilsTest" name="TestCompareListInt" />
    </UnitTest>
    <UnitTest name="TestCompareIntersightObjectNtpPolicy" storage="/home/jenkins/workspace/release-is-powershell-module/src/github.com/cisco-intersight/powershell-generator-intersight/generated/intersight.powershell_1.0.11.2026030305/src/intersight.powershelltest/bin/debug/net8.0/intersight.powershelltest.dll" id="bff6c437-3beb-39f9-80a5-87eccac911ed">
      <Execution id="203ca0e3-4757-4abe-add0-7d5fc16e6f26" />
      <TestMethod codeBase="/home/jenkins/workspace/Release-IS-Powershell-Module/src/github.com/cisco-intersight/powershell-generator-intersight/generated/Intersight.PowerShell_1.0.11.2026030305/src/Intersight.PowerShellTest/bin/Debug/net8.0/Intersight.PowerShellTest.dll" adapterTypeName="executor://mstestadapter/v2" className="Intersight.PowerShellTest.PSUtilsTest" name="TestCompareIntersightObjectNtpPolicy" />
    </UnitTest>
    <UnitTest name="TestCompareIntersightObjectOrganizationNegative" storage="/home/jenkins/workspace/release-is-powershell-module/src/github.com/cisco-intersight/powershell-generator-intersight/generated/intersight.powershell_1.0.11.2026030305/src/intersight.powershelltest/bin/debug/net8.0/intersight.powershelltest.dll" id="b3886f1e-26df-1da8-ce00-27028925c5ec">
      <Execution id="8d2dbb05-2b14-4e77-8f67-43ff58c98e56" />
      <TestMethod codeBase="/home/jenkins/workspace/Release-IS-Powershell-Module/src/github.com/cisco-intersight/powershell-generator-intersight/generated/Intersight.PowerShell_1.0.11.2026030305/src/Intersight.PowerShellTest/bin/Debug/net8.0/Intersight.PowerShellTest.dll" adapterTypeName="executor://mstestadapter/v2" className="Intersight.PowerShellTest.PSUtilsTest" name="TestCompareIntersightObjectOrganizationNegative" />
    </UnitTest>
    <UnitTest name="TestCompareListMoTag" storage="/home/jenkins/workspace/release-is-powershell-module/src/github.com/cisco-intersight/powershell-generator-intersight/generated/intersight.powershell_1.0.11.2026030305/src/intersight.powershelltest/bin/debug/net8.0/intersight.powershelltest.dll" id="aabf11cb-24b4-212d-0c32-fc3bcd8d8940">
      <Execution id="3d4a3dde-5356-408f-98ad-912675f589e6" />
      <TestMethod codeBase="/home/jenkins/workspace/Release-IS-Powershell-Module/src/github.com/cisco-intersight/powershell-generator-intersight/generated/Intersight.PowerShell_1.0.11.2026030305/src/Intersight.PowerShellTest/bin/Debug/net8.0/Intersight.PowerShellTest.dll" adapterTypeName="executor://mstestadapter/v2" className="Intersight.PowerShellTest.PSUtilsTest" name="TestCompareListMoTag" />
    </UnitTest>
    <UnitTest name="TestCompareListForBootDeviceNegative2" storage="/home/jenkins/workspace/release-is-powershell-module/src/github.com/cisco-intersight/powershell-generator-intersight/generated/intersight.powershell_1.0.11.2026030305/src/intersight.powershelltest/bin/debug/net8.0/intersight.powershelltest.dll" id="af46402b-c5ea-bd3a-5e0c-2049af859c7d">
      <Execution id="309208b4-e597-45fd-ada2-eb2769af170c" />
      <TestMethod codeBase="/home/jenkins/workspace/Release-IS-Powershell-Module/src/github.com/cisco-intersight/powershell-generator-intersight/generated/Intersight.PowerShell_1.0.11.2026030305/src/Intersight.PowerShellTest/bin/Debug/net8.0/Intersight.PowerShellTest.dll" adapterTypeName="executor://mstestadapter/v2" className="Intersight.PowerShellTest.PSUtilsTest" name="TestCompareListForBootDeviceNegative2" />
    </UnitTest>
    <UnitTest name="TestCompareListMoTagNegative" storage="/home/jenkins/workspace/release-is-powershell-module/src/github.com/cisco-intersight/powershell-generator-intersight/generated/intersight.powershell_1.0.11.2026030305/src/intersight.powershelltest/bin/debug/net8.0/intersight.powershelltest.dll" id="bf562289-5a4d-7a89-8d64-28cb5bf97a3c">
      <Execution id="4cb7845d-f87f-4ac8-9a98-38d22cdd4959" />
      <TestMethod codeBase="/home/jenkins/workspace/Release-IS-Powershell-Module/src/github.com/cisco-intersight/powershell-generator-intersight/generated/Intersight.PowerShell_1.0.11.2026030305/src/Intersight.PowerShellTest/bin/Debug/net8.0/Intersight.PowerShellTest.dll" adapterTypeName="executor://mstestadapter/v2" className="Intersight.PowerShellTest.PSUtilsTest" name="TestCompareListMoTagNegative" />
    </UnitTest>
  </TestDefinitions>
  <TestEntries>
    <TestEntry testId="af46402b-c5ea-bd3a-5e0c-2049af859c7d" executionId="309208b4-e597-45fd-ada2-eb2769af170c" testListId="8c84fa94-04c1-424b-9868-57a2d4851a1d" />
    <TestEntry testId="e11b186c-5a67-a39b-7976-36ed1bbcd11a" executionId="9a1e41b6-adf4-4ea6-a55a-3f1d6a9f1402" testListId="8c84fa94-04c1-424b-9868-57a2d4851a1d" />
    <TestEntry testId="88ea40e3-ec5b-43a5-c99a-e2b6678029d4" executionId="899bbc24-1909-4001-b8bf-15ef98a2fa5a" testListId="8c84fa94-04c1-424b-9868-57a2d4851a1d" />
    <TestEntry testId="bff6c437-3beb-39f9-80a5-87eccac911ed" executionId="203ca0e3-4757-4abe-add0-7d5fc16e6f26" testListId="8c84fa94-04c1-424b-9868-57a2d4851a1d" />
    <TestEntry testId="bf562289-5a4d-7a89-8d64-28cb5bf97a3c" executionId="4cb7845d-f87f-4ac8-9a98-38d22cdd4959" testListId="8c84fa94-04c1-424b-9868-57a2d4851a1d" />
    <TestEntry testId="784db588-4279-ecee-6ebf-d593d81facb2" executionId="08dfbb23-6df9-462d-b3ea-a52afd2a8441" testListId="8c84fa94-04c1-424b-9868-57a2d4851a1d" />
    <TestEntry testId="aabf11cb-24b4-212d-0c32-fc3bcd8d8940" executionId="3d4a3dde-5356-408f-98ad-912675f589e6" testListId="8c84fa94-04c1-424b-9868-57a2d4851a1d" />
    <TestEntry testId="a1b2ed2e-9057-ffb1-4686-d9af3d443417" executionId="a8dda8fb-18f7-49d7-a9fc-317b6b303f83" testListId="8c84fa94-04c1-424b-9868-57a2d4851a1d" />
    <TestEntry testId="b10c1996-ca07-2342-84f2-dbd5e05100b8" executionId="dd37e306-7ebb-48d9-816c-1a9b204e30a8" testListId="8c84fa94-04c1-424b-9868-57a2d4851a1d" />
    <TestEntry testId="059965c2-36bd-5e5b-97dd-d4ab6d9c4fbe" executionId="9a43739a-0ee5-487f-8a7e-c5e8a62285fe" testListId="8c84fa94-04c1-424b-9868-57a2d4851a1d" />
    <TestEntry testId="29190111-74c5-b955-85d1-f6446d9f3326" executionId="4339f269-fc67-407f-a07c-d8238ca6caa8" testListId="8c84fa94-04c1-424b-9868-57a2d4851a1d" />
    <TestEntry testId="1db52ae6-de71-4f43-9eeb-027f31c87948" executionId="ce00a6c2-9ab2-42cb-9f60-d5b8a9544971" testListId="8c84fa94-04c1-424b-9868-57a2d4851a1d" />
    <TestEntry testId="f5172029-ac9e-c3e9-fbc4-3c68019ec0b7" executionId="0c60714b-f9f1-4ad1-8178-0b606e695063" testListId="8c84fa94-04c1-424b-9868-57a2d4851a1d" />
    <TestEntry testId="af74a405-21fd-b582-370c-8a17fa063b8c" executionId="35e5e34b-53ae-4509-aa7f-2b3ad3069439" testListId="8c84fa94-04c1-424b-9868-57a2d4851a1d" />
    <TestEntry testId="25efd544-f2d1-bce7-85cd-13c8daa9f9e0" executionId="70babb12-696e-4dbf-ad1e-5ff90df72450" testListId="8c84fa94-04c1-424b-9868-57a2d4851a1d" />
    <TestEntry testId="8258a73b-bc00-ed98-fa41-0b083d455901" executionId="d8344468-e703-4205-84fc-405394add4a5" testListId="8c84fa94-04c1-424b-9868-57a2d4851a1d" />
    <TestEntry testId="21d6bdd3-dab8-5932-c926-48f8362b179c" executionId="ab85a490-5bf0-458b-8fd4-bdb9428076ed" testListId="8c84fa94-04c1-424b-9868-57a2d4851a1d" />
    <TestEntry testId="5a9cdfb0-8f5b-b57c-e6a8-b11d60be279d" executionId="8254b7a6-0c23-462f-98b4-203f15bd490e" testListId="8c84fa94-04c1-424b-9868-57a2d4851a1d" />
    <TestEntry testId="67fe35a3-9c2f-b0bc-0bca-682f70341349" executionId="e067e1f3-e53c-4a13-a0c8-78c4b07ea502" testListId="8c84fa94-04c1-424b-9868-57a2d4851a1d" />
    <TestEntry testId="0c6cda6b-cbbb-2afd-190e-3a871772306f" executionId="d5df52ec-e178-4cec-9058-8b73f2394419" testListId="8c84fa94-04c1-424b-9868-57a2d4851a1d" />
    <TestEntry testId="b3886f1e-26df-1da8-ce00-27028925c5ec" executionId="8d2dbb05-2b14-4e77-8f67-43ff58c98e56" testListId="8c84fa94-04c1-424b-9868-57a2d4851a1d" />
  </TestEntries>
  <TestLists>
    <TestList name="Results Not in a List" id="8c84fa94-04c1-424b-9868-57a2d4851a1d" />
    <TestList name="All Loaded Results" id="19431567-8539-422a-85d7-44ee4e166bda" />
  </TestLists>
  <ResultSummary outcome="Completed">
    <Counters total="21" executed="21" passed="21" failed="0" error="0" timeout="0" aborted="0" inconclusive="0" passedButRunAborted="0" notRunnable="0" notExecuted="0" disconnected="0" warning="0" completed="0" inProgress="0" pending="0" />
  </ResultSummary>
</TestRun>